<xarray.Dataset> Size: 109kB
Dimensions:  (lat: 30, lon: 45)
Coordinates:
  * lat      (lat) float64 240B 17.75 18.25 18.75 19.25 ... 31.25 31.75 32.25
  * lon      (lon) float64 360B -99.75 -99.25 -98.75 ... -78.75 -78.25 -77.75
    time     object 8B ...
Data variables:
    sst      (lat, lon) float32 5kB ...
    msl      (lat, lon) float32 5kB ...
    vmax     (lat, lon) float64 11kB ...
    t0       (lat, lon) float64 11kB ...
    rh       (lat, lon) float64 11kB ...
    otl      (lat, lon) float64 11kB ...
    pm       (lat, lon) float64 11kB ...
    pc       (lat, lon) float64 11kB ...
    r0       (lat, lon) float64 11kB ...
    rmax     (lat, lon) float64 11kB ...
    rho_air  (lat, lon) float64 11kB ...
Attributes: (12/63)
    CDI:                              Climate Data Interface version 2.1.1 (h...
    source:                           CESM2 (2017): atmosphere: CAM6 (0.9x1.2...
    institution:                      National Center for Atmospheric Researc...
    Conventions:                      CF-1.7 CMIP-6.2
    activity_id:                      ScenarioMIP
    branch_method:                    standard
    ...                               ...
    intake_esm_dataset_key:           ScenarioMIP.NCAR.CESM2.ssp585.Omon.gn
    history:                          Sun Feb 09 01:16:12 2025: cdo -f nc4 -s...
    NCO:                              netCDF Operators version 5.1.6 (Homepag...
    CDO:                              Climate Data Operators version 2.1.1 (h...
    pi_calculated_at_git_hash:        cf202910b227418195c3e6e4873018017aae1cee
    pi_calculated_at_time:            2025-02-09 23:25:55
<xarray.DataArray 'sst' (lat: 30, lon: 45)> Size: 5kB
[1350 values with dtype=float32]
Coordinates:
  * lat      (lat) float64 240B 17.75 18.25 18.75 19.25 ... 31.25 31.75 32.25
  * lon      (lon) float64 360B -99.75 -99.25 -98.75 ... -78.75 -78.25 -77.75
    time     object 8B ...
Attributes: (12/19)
    standard_name:  sea_surface_temperature
    long_name:      Sea Surface Temperature
    units:          degC
    cell_measures:  area: areacello
    cell_methods:   area: mean where sea time: mean
    comment:        TEMP[:,0,:,:]
    ...             ...
    time:           time
    time_label:     time-mean
    time_title:     Temporal mean
    title:          Sea Surface Temperature
    type:           real
    variable_id:    tos
two lats (2, 45)
vmaxs (30, 45)
lats (30,)
ssts (30, 45)
r0s (30, 45)
space (sst, lat) $m=\left(7.6 \pm 0.3\right) \times 10^{-2}$ $^{\circ}$C  $^{\circ}$N$^{-1}$
space rho (sst, lat): 0.63
space (r0s, lat) $m=\left(-8.75 \pm 0.05\right) \times 10^{1}$ km  $^{\circ}$N$^{-1}$
space rho (r0s, lat): -0.99
space (vmax, lat) $m=\left(7.6 \pm 0.4\right) \times 10^{-1}$ m s$^{-1}$  $^{\circ}$N$^{-1}$
space (vmax, sst) $m=\left(1.1 \pm 0.0\right) \times 10^{1}$ m s$^{-1}$  $^{\circ}$C$^{-1}$
space rho (sst, vmax): 0.97
space rho (vmax/coriolis, r0): 1.48+/-0.02
space (vmax/coriolis, r0) $m=\left(1.48 \pm 0.02\right) \times 10^{0}$ km m$^{-1}$ s$^2$$
timeseries_ds <xarray.Dataset> Size: 6kB
Dimensions:  (time: 86)
Coordinates:
    lon      float64 8B ...
    lat      float64 8B ...
  * time     (time) object 688B 2015-08-15 12:00:00 ... 2100-08-15 12:00:00
    p        float64 8B ...
Data variables:
    sst      (time) float32 344B ...
    msl      (time) float32 344B ...
    vmax     (time) float64 688B ...
    t0       (time) float64 688B ...
    rh       (time) float64 688B ...
    r0       (time) float64 688B ...
    pm       (time) float64 688B ...
    pc       (time) float32 344B ...
    rmax     (time) float64 688B ...
Attributes: (12/63)
    CDI:                              Climate Data Interface version 2.1.1 (h...
    source:                           CESM2 (2017): atmosphere: CAM6 (0.9x1.2...
    institution:                      National Center for Atmospheric Researc...
    Conventions:                      CF-1.7 CMIP-6.2
    activity_id:                      ScenarioMIP
    branch_method:                    standard
    ...                               ...
    intake_esm_dataset_key:           ScenarioMIP.NCAR.CESM2.ssp585.Omon.gn
    history:                          Sun Feb 09 01:16:12 2025: cdo -f nc4 -s...
    NCO:                              netCDF Operators version 5.1.6 (Homepag...
    CDO:                              Climate Data Operators version 2.1.1 (h...
    pi_calculated_at_git_hash:        cf202910b227418195c3e6e4873018017aae1cee
    pi_calculated_at_time:            2025-02-09 23:25:55
rho_vmax_years 0.5732926426041688
rho_r0_years 0.8920342387749198
rho_sst_vmax 0.6958533750483745
rho_sst_r0 0.9281362901614933
rho_sst_years 0.9662951439686184
fit_r0_sst timeseries 56.6+/-2.5 km $^{\circ}$C$^{-1}$
fit_vmax_sst timeseries 1.89+/-0.21 m s$^{-1}$C$ ^{-1}$
